<?xml version="1.0" encoding="UTF-8"?>
<!-- Generated by org.testng.reporters.JUnitReportReporter -->
<testsuite skipped="0" hostname="LAPTOP-5PE8I9M0" name="com.mystore.testCases.LoginPageTest" tests="1" failures="0" timestamp="2022-07-15T17:49:53 IST" time="99.594" errors="0">
  <testcase name="login" time="99.594" classname="com.mystore.testCases.LoginPageTest"/>
  <system-out/>
</testsuite> <!-- com.mystore.testCases.LoginPageTest -->
