<?xml version="1.0" encoding="UTF-8"?>
<!-- Generated by org.testng.reporters.JUnitReportReporter -->
<testsuite skipped="0" hostname="LAPTOP-5PE8I9M0" name="com.mystore.testCases.OrderPageTest" tests="1" failures="0" timestamp="2022-07-19T18:39:09 IST" time="63.051" errors="0">
  <testcase name="verifyPrice" time="63.051" classname="com.mystore.testCases.OrderPageTest"/>
  <system-out/>
</testsuite> <!-- com.mystore.testCases.OrderPageTest -->
